-------------------------------------------------------------------------------
['C:\\Program Files (x86)\\Eclipse\\Sumo\\bin\\duarouter', '-c', '000/iteration_000_Trips_File.duarcfg']
Success.
-------------------------------------------------------------------------------
['C:\\Program Files (x86)\\Eclipse\\Sumo\\bin\\sumo', '-c', '000/iteration_000.sumocfg']
Loading net-file from '000/../configurations/maps/Random_English.net.xml' ... done (115ms).
Warning: Network contains internal links which are ignored. Vehicles will 'jump' across junctions and thus underestimate route lengths and travel times.
Loading additional-files from '000/../edgedata.add.xml' ... done (3ms).
Loading done.
Simulation version 1.16.0 started with time: 0.00.
Simulation ended at time: 1270.00
Reason: All vehicles have left the simulation.
Performance: 
 Duration: 0.63s
 Real time factor: 2019.08
 UPS: 201316.375199
Vehicles: 
 Inserted: 1000
 Running: 0
 Waiting: 0

-------------------------------------------------------------------------------
['C:\\Program Files (x86)\\Eclipse\\Sumo\\bin\\duarouter', '-c', '001/iteration_001_Trips_File_000.duarcfg']
Warning: No interval matches passed time=121.79 in edge '-686'.
 Using edge's length / max speed.
Success.
-------------------------------------------------------------------------------
['C:\\Program Files (x86)\\Eclipse\\Sumo\\bin\\sumo', '-c', '001/iteration_001.sumocfg']
Loading net-file from '001/../configurations/maps/Random_English.net.xml' ... done (147ms).
Warning: Network contains internal links which are ignored. Vehicles will 'jump' across junctions and thus underestimate route lengths and travel times.
Loading additional-files from '001/../edgedata.add.xml' ... done (3ms).
Loading done.
Simulation version 1.16.0 started with time: 0.00.
Simulation ended at time: 1270.00
Reason: All vehicles have left the simulation.
Performance: 
 Duration: 0.22s
 Real time factor: 5879.63
 UPS: 586069.444444
Vehicles: 
 Inserted: 1000
 Running: 0
 Waiting: 0

-------------------------------------------------------------------------------
['C:\\Program Files (x86)\\Eclipse\\Sumo\\bin\\duarouter', '-c', '002/iteration_002_Trips_File_001.duarcfg']
Warning: No interval matches passed time=121.79 in edge '-686'.
 Using edge's length / max speed.
Success.
-------------------------------------------------------------------------------
['C:\\Program Files (x86)\\Eclipse\\Sumo\\bin\\sumo', '-c', '002/iteration_002.sumocfg']
Loading net-file from '002/../configurations/maps/Random_English.net.xml' ... done (120ms).
Warning: Network contains internal links which are ignored. Vehicles will 'jump' across junctions and thus underestimate route lengths and travel times.
Loading additional-files from '002/../edgedata.add.xml' ... done (2ms).
Loading done.
Simulation version 1.16.0 started with time: 0.00.
Simulation ended at time: 1270.00
Reason: All vehicles have left the simulation.
Performance: 
 Duration: 0.21s
 Real time factor: 5990.57
 UPS: 597089.622642
Vehicles: 
 Inserted: 1000
 Running: 0
 Waiting: 0

-------------------------------------------------------------------------------
['C:\\Program Files (x86)\\Eclipse\\Sumo\\bin\\duarouter', '-c', '003/iteration_003_Trips_File_002.duarcfg']
Warning: No interval matches passed time=121.79 in edge '-686'.
 Using edge's length / max speed.
Success.
-------------------------------------------------------------------------------
['C:\\Program Files (x86)\\Eclipse\\Sumo\\bin\\sumo', '-c', '003/iteration_003.sumocfg']
Loading net-file from '003/../configurations/maps/Random_English.net.xml' ... done (118ms).
Warning: Network contains internal links which are ignored. Vehicles will 'jump' across junctions and thus underestimate route lengths and travel times.
Loading additional-files from '003/../edgedata.add.xml' ... done (3ms).
Loading done.
Simulation version 1.16.0 started with time: 0.00.
Simulation ended at time: 1270.00
Reason: All vehicles have left the simulation.
Performance: 
 Duration: 0.22s
 Real time factor: 5825.69
 UPS: 580665.137615
Vehicles: 
 Inserted: 1000
 Running: 0
 Waiting: 0

-------------------------------------------------------------------------------
['C:\\Program Files (x86)\\Eclipse\\Sumo\\bin\\duarouter', '-c', '004/iteration_004_Trips_File_003.duarcfg']
Warning: No interval matches passed time=121.79 in edge '-686'.
 Using edge's length / max speed.
Success.
-------------------------------------------------------------------------------
['C:\\Program Files (x86)\\Eclipse\\Sumo\\bin\\sumo', '-c', '004/iteration_004.sumocfg']
Loading net-file from '004/../configurations/maps/Random_English.net.xml' ... done (279ms).
Warning: Network contains internal links which are ignored. Vehicles will 'jump' across junctions and thus underestimate route lengths and travel times.
Loading additional-files from '004/../edgedata.add.xml' ... done (2ms).
Loading done.
Simulation version 1.16.0 started with time: 0.00.
Simulation ended at time: 1270.00
Reason: All vehicles have left the simulation.
Performance: 
 Duration: 0.20s
 Real time factor: 6381.91
 UPS: 636105.527638
Vehicles: 
 Inserted: 1000
 Running: 0
 Waiting: 0

